<?xml version="1.0" encoding="UTF-8"?>
<!-- Generated by org.testng.reporters.JUnitReportReporter -->
<testsuite hostname="sudhanshu" name="com.actiTime.test.TC_002_CreateNewTask" tests="1" failures="0" timestamp="3 Nov 2020 12:29:44 GMT" time="13.836" errors="0">
  <testcase name="createNewTask" time="13.836" classname="com.actiTime.test.TC_002_CreateNewTask"/>
</testsuite> <!-- com.actiTime.test.TC_002_CreateNewTask -->
